{"C:\\Users\\Nelson\\Desktop\\bookStore-server\\src\\controllers\\user.controller.ts": {"path":"C:\\Users\\Nelson\\Desktop\\bookStore-server\\src\\controllers\\user.controller.ts","statementMap":{"0":{"start":{"line":6,"column":20},"end":{"line":6,"column":45}},"1":{"start":{"line":8,"column":24},"end":{"line":14,"column":1}},"2":{"start":{"line":10,"column":4},"end":{"line":13,"column":6}},"3":{"start":{"line":16,"column":27},"end":{"line":46,"column":1}},"4":{"start":{"line":18,"column":57},"end":{"line":18,"column":65}},"5":{"start":{"line":20,"column":4},"end":{"line":44,"column":5}},"6":{"start":{"line":21,"column":31},"end":{"line":21,"column":110}},"7":{"start":{"line":23,"column":8},"end":{"line":40,"column":10}},"8":{"start":{"line":43,"column":8},"end":{"line":43,"column":51}},"9":{"start":{"line":49,"column":27},"end":{"line":88,"column":1}},"10":{"start":{"line":56,"column":20},"end":{"line":56,"column":31}},"11":{"start":{"line":58,"column":15},"end":{"line":58,"column":54}},"12":{"start":{"line":62,"column":4},"end":{"line":86,"column":5}},"13":{"start":{"line":64,"column":8},"end":{"line":82,"column":10}},"14":{"start":{"line":85,"column":8},"end":{"line":85,"column":64}}},"fnMap":{"0":{"name":"(anonymous_0)","decl":{"start":{"line":8,"column":24},"end":{"line":8,"column":25}},"loc":{"start":{"line":8,"column":64},"end":{"line":14,"column":1}},"line":8},"1":{"name":"(anonymous_1)","decl":{"start":{"line":16,"column":27},"end":{"line":16,"column":28}},"loc":{"start":{"line":16,"column":66},"end":{"line":46,"column":1}},"line":16},"2":{"name":"(anonymous_2)","decl":{"start":{"line":49,"column":27},"end":{"line":49,"column":28}},"loc":{"start":{"line":49,"column":67},"end":{"line":88,"column":1}},"line":49}},"branchMap":{"0":{"loc":{"start":{"line":8,"column":31},"end":{"line":8,"column":44}},"type":"default-arg","locations":[{"start":{"line":8,"column":37},"end":{"line":8,"column":44}}],"line":8},"1":{"loc":{"start":{"line":8,"column":46},"end":{"line":8,"column":60}},"type":"default-arg","locations":[{"start":{"line":8,"column":52},"end":{"line":8,"column":60}}],"line":8},"2":{"loc":{"start":{"line":16,"column":34},"end":{"line":16,"column":47}},"type":"default-arg","locations":[{"start":{"line":16,"column":40},"end":{"line":16,"column":47}}],"line":16},"3":{"loc":{"start":{"line":16,"column":49},"end":{"line":16,"column":63}},"type":"default-arg","locations":[{"start":{"line":16,"column":55},"end":{"line":16,"column":63}}],"line":16},"4":{"loc":{"start":{"line":49,"column":34},"end":{"line":49,"column":47}},"type":"default-arg","locations":[{"start":{"line":49,"column":40},"end":{"line":49,"column":47}}],"line":49},"5":{"loc":{"start":{"line":49,"column":49},"end":{"line":49,"column":63}},"type":"default-arg","locations":[{"start":{"line":49,"column":55},"end":{"line":49,"column":63}}],"line":49}},"s":{"0":1,"1":1,"2":1,"3":1,"4":1,"5":1,"6":1,"7":1,"8":0,"9":1,"10":1,"11":1,"12":0,"13":0,"14":0},"f":{"0":1,"1":1,"2":1},"b":{"0":[0],"1":[0],"2":[0],"3":[0],"4":[0],"5":[0]},"_coverageSchema":"1a1c01bbd47fc00a2c39e90264f33305004495a9","hash":"d651aa21bca56b99fc50463431fb07408233a35e"}
,"C:\\Users\\Nelson\\Desktop\\bookStore-server\\src\\db\\dbConnection.ts": {"path":"C:\\Users\\Nelson\\Desktop\\bookStore-server\\src\\db\\dbConnection.ts","statementMap":{"0":{"start":{"line":3,"column":0},"end":{"line":3,"column":15}},"1":{"start":{"line":15,"column":8},"end":{"line":15,"column":52}},"2":{"start":{"line":26,"column":8},"end":{"line":28,"column":9}},"3":{"start":{"line":27,"column":12},"end":{"line":27,"column":53}},"4":{"start":{"line":29,"column":8},"end":{"line":29,"column":28}}},"fnMap":{"0":{"name":"(anonymous_0)","decl":{"start":{"line":12,"column":4},"end":{"line":12,"column":5}},"loc":{"start":{"line":12,"column":25},"end":{"line":17,"column":5}},"line":12},"1":{"name":"(anonymous_1)","decl":{"start":{"line":24,"column":4},"end":{"line":24,"column":5}},"loc":{"start":{"line":24,"column":45},"end":{"line":30,"column":5}},"line":24}},"branchMap":{"0":{"loc":{"start":{"line":26,"column":8},"end":{"line":28,"column":9}},"type":"if","locations":[{"start":{"line":26,"column":8},"end":{"line":28,"column":9}},{"start":{},"end":{}}],"line":26}},"s":{"0":1,"1":1,"2":3,"3":1,"4":2},"f":{"0":1,"1":3},"b":{"0":[1,2]},"_coverageSchema":"1a1c01bbd47fc00a2c39e90264f33305004495a9","hash":"dd2bad6b81543b7424c572e53722460318110336"}
,"C:\\Users\\Nelson\\Desktop\\bookStore-server\\src\\db\\schemas\\user.schema.ts": {"path":"C:\\Users\\Nelson\\Desktop\\bookStore-server\\src\\db\\schemas\\user.schema.ts","statementMap":{"0":{"start":{"line":2,"column":26},"end":{"line":2,"column":34}},"1":{"start":{"line":4,"column":19},"end":{"line":16,"column":2}},"2":{"start":{"line":19,"column":25},"end":{"line":19,"column":50}}},"fnMap":{},"branchMap":{},"s":{"0":1,"1":1,"2":1},"f":{},"b":{},"_coverageSchema":"1a1c01bbd47fc00a2c39e90264f33305004495a9","hash":"f5a71719583e7ae37cc6049fe78bcb457e91eb96"}
,"C:\\Users\\Nelson\\Desktop\\bookStore-server\\src\\middlewares\\validateRegister.ts": {"path":"C:\\Users\\Nelson\\Desktop\\bookStore-server\\src\\middlewares\\validateRegister.ts","statementMap":{"0":{"start":{"line":7,"column":32},"end":{"line":17,"column":3}},"1":{"start":{"line":7,"column":49},"end":{"line":17,"column":3}},"2":{"start":{"line":9,"column":17},"end":{"line":9,"column":25}},"3":{"start":{"line":11,"column":4},"end":{"line":16,"column":5}},"4":{"start":{"line":12,"column":6},"end":{"line":12,"column":34}},"5":{"start":{"line":13,"column":6},"end":{"line":13,"column":20}},"6":{"start":{"line":15,"column":6},"end":{"line":15,"column":42}}},"fnMap":{"0":{"name":"(anonymous_0)","decl":{"start":{"line":7,"column":32},"end":{"line":7,"column":33}},"loc":{"start":{"line":7,"column":49},"end":{"line":17,"column":3}},"line":7},"1":{"name":"(anonymous_1)","decl":{"start":{"line":7,"column":49},"end":{"line":7,"column":50}},"loc":{"start":{"line":7,"column":108},"end":{"line":17,"column":3}},"line":7}},"branchMap":{"0":{"loc":{"start":{"line":7,"column":56},"end":{"line":7,"column":68}},"type":"default-arg","locations":[{"start":{"line":7,"column":61},"end":{"line":7,"column":68}}],"line":7},"1":{"loc":{"start":{"line":7,"column":70},"end":{"line":7,"column":83}},"type":"default-arg","locations":[{"start":{"line":7,"column":75},"end":{"line":7,"column":83}}],"line":7}},"s":{"0":1,"1":1,"2":1,"3":1,"4":1,"5":1,"6":0},"f":{"0":1,"1":1},"b":{"0":[0],"1":[0]},"_coverageSchema":"1a1c01bbd47fc00a2c39e90264f33305004495a9","hash":"a990683b6dfc17036deacd0b43969f14757074f3"}
,"C:\\Users\\Nelson\\Desktop\\bookStore-server\\src\\models\\server.ts": {"path":"C:\\Users\\Nelson\\Desktop\\bookStore-server\\src\\models\\server.ts","statementMap":{"0":{"start":{"line":20,"column":8},"end":{"line":20,"column":28}},"1":{"start":{"line":21,"column":8},"end":{"line":21,"column":46}},"2":{"start":{"line":23,"column":8},"end":{"line":25,"column":9}},"3":{"start":{"line":28,"column":8},"end":{"line":28,"column":27}},"4":{"start":{"line":31,"column":8},"end":{"line":31,"column":27}},"5":{"start":{"line":34,"column":8},"end":{"line":34,"column":22}},"6":{"start":{"line":38,"column":8},"end":{"line":38,"column":23}},"7":{"start":{"line":44,"column":8},"end":{"line":49,"column":9}},"8":{"start":{"line":46,"column":12},"end":{"line":46,"column":44}},"9":{"start":{"line":48,"column":12},"end":{"line":48,"column":30}},"10":{"start":{"line":57,"column":8},"end":{"line":57,"column":38}},"11":{"start":{"line":58,"column":8},"end":{"line":58,"column":38}},"12":{"start":{"line":59,"column":8},"end":{"line":59,"column":29}},"13":{"start":{"line":60,"column":8},"end":{"line":60,"column":42}},"14":{"start":{"line":61,"column":8},"end":{"line":61,"column":64}},"15":{"start":{"line":62,"column":8},"end":{"line":62,"column":60}},"16":{"start":{"line":67,"column":8},"end":{"line":67,"column":59}},"17":{"start":{"line":71,"column":8},"end":{"line":73,"column":12}},"18":{"start":{"line":72,"column":12},"end":{"line":72,"column":69}}},"fnMap":{"0":{"name":"(anonymous_0)","decl":{"start":{"line":19,"column":4},"end":{"line":19,"column":5}},"loc":{"start":{"line":19,"column":17},"end":{"line":35,"column":5}},"line":19},"1":{"name":"(anonymous_1)","decl":{"start":{"line":37,"column":4},"end":{"line":37,"column":5}},"loc":{"start":{"line":37,"column":12},"end":{"line":39,"column":5}},"line":37},"2":{"name":"(anonymous_2)","decl":{"start":{"line":41,"column":4},"end":{"line":41,"column":5}},"loc":{"start":{"line":41,"column":24},"end":{"line":51,"column":5}},"line":41},"3":{"name":"(anonymous_3)","decl":{"start":{"line":56,"column":4},"end":{"line":56,"column":5}},"loc":{"start":{"line":56,"column":17},"end":{"line":63,"column":5}},"line":56},"4":{"name":"(anonymous_4)","decl":{"start":{"line":65,"column":4},"end":{"line":65,"column":5}},"loc":{"start":{"line":65,"column":12},"end":{"line":68,"column":5}},"line":65},"5":{"name":"(anonymous_5)","decl":{"start":{"line":70,"column":4},"end":{"line":70,"column":5}},"loc":{"start":{"line":70,"column":12},"end":{"line":74,"column":5}},"line":70},"6":{"name":"(anonymous_6)","decl":{"start":{"line":71,"column":35},"end":{"line":71,"column":36}},"loc":{"start":{"line":71,"column":41},"end":{"line":73,"column":11}},"line":71}},"branchMap":{"0":{"loc":{"start":{"line":21,"column":20},"end":{"line":21,"column":46}},"type":"binary-expr","locations":[{"start":{"line":21,"column":20},"end":{"line":21,"column":36}},{"start":{"line":21,"column":40},"end":{"line":21,"column":46}}],"line":21}},"s":{"0":3,"1":3,"2":3,"3":3,"4":3,"5":3,"6":3,"7":3,"8":3,"9":0,"10":3,"11":3,"12":3,"13":3,"14":3,"15":3,"16":3,"17":0,"18":0},"f":{"0":3,"1":3,"2":3,"3":3,"4":3,"5":0,"6":0},"b":{"0":[3,0]},"_coverageSchema":"1a1c01bbd47fc00a2c39e90264f33305004495a9","hash":"ac5c65e8f3910a441b9d1a2fdc6f4ac3b4b2cab1"}
,"C:\\Users\\Nelson\\Desktop\\bookStore-server\\src\\models\\UsersManagers\\User.ts": {"path":"C:\\Users\\Nelson\\Desktop\\bookStore-server\\src\\models\\UsersManagers\\User.ts","statementMap":{"0":{"start":{"line":32,"column":8},"end":{"line":32,"column":33}},"1":{"start":{"line":33,"column":8},"end":{"line":33,"column":37}},"2":{"start":{"line":34,"column":8},"end":{"line":34,"column":34}},"3":{"start":{"line":35,"column":8},"end":{"line":35,"column":37}},"4":{"start":{"line":36,"column":8},"end":{"line":36,"column":36}},"5":{"start":{"line":37,"column":8},"end":{"line":37,"column":35}},"6":{"start":{"line":38,"column":8},"end":{"line":38,"column":40}},"7":{"start":{"line":39,"column":8},"end":{"line":39,"column":36}},"8":{"start":{"line":40,"column":8},"end":{"line":40,"column":41}},"9":{"start":{"line":41,"column":8},"end":{"line":41,"column":33}},"10":{"start":{"line":42,"column":8},"end":{"line":42,"column":36}},"11":{"start":{"line":46,"column":8},"end":{"line":46,"column":25}}},"fnMap":{"0":{"name":"(anonymous_0)","decl":{"start":{"line":19,"column":4},"end":{"line":19,"column":5}},"loc":{"start":{"line":31,"column":9},"end":{"line":43,"column":5}},"line":31},"1":{"name":"(anonymous_1)","decl":{"start":{"line":45,"column":4},"end":{"line":45,"column":5}},"loc":{"start":{"line":45,"column":14},"end":{"line":47,"column":5}},"line":45}},"branchMap":{},"s":{"0":1,"1":1,"2":1,"3":1,"4":1,"5":1,"6":1,"7":1,"8":1,"9":1,"10":1,"11":0},"f":{"0":1,"1":0},"b":{},"_coverageSchema":"1a1c01bbd47fc00a2c39e90264f33305004495a9","hash":"2958302c840d827c922f5eab8606718506c8e03d"}
,"C:\\Users\\Nelson\\Desktop\\bookStore-server\\src\\models\\UsersManagers\\UserBuilder.ts": {"path":"C:\\Users\\Nelson\\Desktop\\bookStore-server\\src\\models\\UsersManagers\\UserBuilder.ts","statementMap":{"0":{"start":{"line":19,"column":8},"end":{"line":29,"column":32}},"1":{"start":{"line":33,"column":8},"end":{"line":43,"column":32}},"2":{"start":{"line":47,"column":8},"end":{"line":47,"column":44}},"3":{"start":{"line":48,"column":8},"end":{"line":48,"column":19}},"4":{"start":{"line":52,"column":8},"end":{"line":52,"column":52}},"5":{"start":{"line":53,"column":8},"end":{"line":53,"column":19}},"6":{"start":{"line":57,"column":8},"end":{"line":57,"column":46}},"7":{"start":{"line":58,"column":8},"end":{"line":58,"column":19}},"8":{"start":{"line":62,"column":8},"end":{"line":62,"column":46}},"9":{"start":{"line":63,"column":8},"end":{"line":63,"column":19}},"10":{"start":{"line":67,"column":8},"end":{"line":67,"column":50}},"11":{"start":{"line":68,"column":8},"end":{"line":68,"column":19}},"12":{"start":{"line":72,"column":8},"end":{"line":72,"column":28}},"13":{"start":{"line":73,"column":8},"end":{"line":73,"column":19}},"14":{"start":{"line":77,"column":8},"end":{"line":77,"column":38}},"15":{"start":{"line":78,"column":8},"end":{"line":78,"column":19}},"16":{"start":{"line":82,"column":8},"end":{"line":82,"column":30}},"17":{"start":{"line":83,"column":8},"end":{"line":83,"column":19}},"18":{"start":{"line":87,"column":8},"end":{"line":87,"column":40}},"19":{"start":{"line":88,"column":8},"end":{"line":88,"column":19}},"20":{"start":{"line":92,"column":8},"end":{"line":92,"column":28}},"21":{"start":{"line":93,"column":8},"end":{"line":93,"column":19}},"22":{"start":{"line":97,"column":8},"end":{"line":97,"column":31}},"23":{"start":{"line":98,"column":8},"end":{"line":98,"column":19}},"24":{"start":{"line":102,"column":21},"end":{"line":114,"column":9}},"25":{"start":{"line":116,"column":8},"end":{"line":116,"column":20}},"26":{"start":{"line":118,"column":8},"end":{"line":118,"column":19}}},"fnMap":{"0":{"name":"(anonymous_0)","decl":{"start":{"line":18,"column":4},"end":{"line":18,"column":5}},"loc":{"start":{"line":18,"column":17},"end":{"line":30,"column":5}},"line":18},"1":{"name":"(anonymous_1)","decl":{"start":{"line":32,"column":4},"end":{"line":32,"column":5}},"loc":{"start":{"line":32,"column":16},"end":{"line":44,"column":5}},"line":32},"2":{"name":"(anonymous_2)","decl":{"start":{"line":46,"column":4},"end":{"line":46,"column":5}},"loc":{"start":{"line":46,"column":40},"end":{"line":49,"column":5}},"line":46},"3":{"name":"(anonymous_3)","decl":{"start":{"line":51,"column":4},"end":{"line":51,"column":5}},"loc":{"start":{"line":51,"column":48},"end":{"line":54,"column":5}},"line":51},"4":{"name":"(anonymous_4)","decl":{"start":{"line":56,"column":4},"end":{"line":56,"column":5}},"loc":{"start":{"line":56,"column":42},"end":{"line":59,"column":5}},"line":56},"5":{"name":"(anonymous_5)","decl":{"start":{"line":61,"column":4},"end":{"line":61,"column":5}},"loc":{"start":{"line":61,"column":48},"end":{"line":64,"column":5}},"line":61},"6":{"name":"(anonymous_6)","decl":{"start":{"line":66,"column":4},"end":{"line":66,"column":5}},"loc":{"start":{"line":66,"column":46},"end":{"line":69,"column":5}},"line":66},"7":{"name":"(anonymous_7)","decl":{"start":{"line":71,"column":4},"end":{"line":71,"column":5}},"loc":{"start":{"line":71,"column":45},"end":{"line":74,"column":5}},"line":71},"8":{"name":"(anonymous_8)","decl":{"start":{"line":76,"column":4},"end":{"line":76,"column":5}},"loc":{"start":{"line":76,"column":56},"end":{"line":79,"column":5}},"line":76},"9":{"name":"(anonymous_9)","decl":{"start":{"line":81,"column":4},"end":{"line":81,"column":5}},"loc":{"start":{"line":81,"column":46},"end":{"line":84,"column":5}},"line":81},"10":{"name":"(anonymous_10)","decl":{"start":{"line":86,"column":4},"end":{"line":86,"column":5}},"loc":{"start":{"line":86,"column":54},"end":{"line":89,"column":5}},"line":86},"11":{"name":"(anonymous_11)","decl":{"start":{"line":91,"column":4},"end":{"line":91,"column":5}},"loc":{"start":{"line":91,"column":36},"end":{"line":94,"column":5}},"line":91},"12":{"name":"(anonymous_12)","decl":{"start":{"line":96,"column":4},"end":{"line":96,"column":5}},"loc":{"start":{"line":96,"column":39},"end":{"line":99,"column":5}},"line":96},"13":{"name":"(anonymous_13)","decl":{"start":{"line":101,"column":4},"end":{"line":101,"column":5}},"loc":{"start":{"line":101,"column":18},"end":{"line":119,"column":5}},"line":101}},"branchMap":{},"s":{"0":1,"1":1,"2":1,"3":1,"4":1,"5":1,"6":1,"7":1,"8":1,"9":1,"10":1,"11":1,"12":1,"13":1,"14":1,"15":1,"16":1,"17":1,"18":1,"19":1,"20":0,"21":0,"22":0,"23":0,"24":1,"25":1,"26":1},"f":{"0":1,"1":1,"2":1,"3":1,"4":1,"5":1,"6":1,"7":1,"8":1,"9":1,"10":1,"11":0,"12":0,"13":1},"b":{},"_coverageSchema":"1a1c01bbd47fc00a2c39e90264f33305004495a9","hash":"e6bdd32ebd6e47e5222996034b932f7292ba7657"}
,"C:\\Users\\Nelson\\Desktop\\bookStore-server\\src\\models\\UsersManagers\\UserDirector.ts": {"path":"C:\\Users\\Nelson\\Desktop\\bookStore-server\\src\\models\\UsersManagers\\UserDirector.ts","statementMap":{"0":{"start":{"line":8,"column":8},"end":{"line":8,"column":38}},"1":{"start":{"line":12,"column":8},"end":{"line":12,"column":38}},"2":{"start":{"line":24,"column":12},"end":{"line":32,"column":60}}},"fnMap":{"0":{"name":"(anonymous_0)","decl":{"start":{"line":7,"column":4},"end":{"line":7,"column":5}},"loc":{"start":{"line":7,"column":42},"end":{"line":9,"column":5}},"line":7},"1":{"name":"(anonymous_1)","decl":{"start":{"line":11,"column":4},"end":{"line":11,"column":5}},"loc":{"start":{"line":11,"column":45},"end":{"line":13,"column":5}},"line":11},"2":{"name":"(anonymous_2)","decl":{"start":{"line":15,"column":4},"end":{"line":15,"column":5}},"loc":{"start":{"line":23,"column":9},"end":{"line":33,"column":5}},"line":23}},"branchMap":{},"s":{"0":1,"1":0,"2":1},"f":{"0":1,"1":0,"2":1},"b":{},"_coverageSchema":"1a1c01bbd47fc00a2c39e90264f33305004495a9","hash":"4ec7425f720cb2b75b88905a09680dde98d36ae4"}
,"C:\\Users\\Nelson\\Desktop\\bookStore-server\\src\\routes\\user.routes.ts": {"path":"C:\\Users\\Nelson\\Desktop\\bookStore-server\\src\\routes\\user.routes.ts","statementMap":{"0":{"start":{"line":7,"column":15},"end":{"line":7,"column":23}},"1":{"start":{"line":11,"column":0},"end":{"line":11,"column":66}},"2":{"start":{"line":13,"column":0},"end":{"line":13,"column":31}},"3":{"start":{"line":15,"column":0},"end":{"line":15,"column":25}}},"fnMap":{},"branchMap":{},"s":{"0":1,"1":1,"2":1,"3":1},"f":{},"b":{},"_coverageSchema":"1a1c01bbd47fc00a2c39e90264f33305004495a9","hash":"73fcff2e1083c56525b2c0ce6648e48efeb07c48"}
,"C:\\Users\\Nelson\\Desktop\\bookStore-server\\src\\services\\userServices\\user.services.ts": {"path":"C:\\Users\\Nelson\\Desktop\\bookStore-server\\src\\services\\userServices\\user.services.ts","statementMap":{"0":{"start":{"line":15,"column":8},"end":{"line":15,"column":44}},"1":{"start":{"line":16,"column":8},"end":{"line":16,"column":62}},"2":{"start":{"line":17,"column":8},"end":{"line":17,"column":23}},"3":{"start":{"line":18,"column":8},"end":{"line":18,"column":23}},"4":{"start":{"line":22,"column":8},"end":{"line":53,"column":9}},"5":{"start":{"line":23,"column":12},"end":{"line":23,"column":106}},"6":{"start":{"line":25,"column":30},"end":{"line":25,"column":69}},"7":{"start":{"line":27,"column":12},"end":{"line":33,"column":13}},"8":{"start":{"line":28,"column":16},"end":{"line":31,"column":18}},"9":{"start":{"line":36,"column":25},"end":{"line":36,"column":49}},"10":{"start":{"line":37,"column":25},"end":{"line":37,"column":53}},"11":{"start":{"line":41,"column":26},"end":{"line":41,"column":90}},"12":{"start":{"line":43,"column":12},"end":{"line":46,"column":13}},"13":{"start":{"line":49,"column":12},"end":{"line":52,"column":14}}},"fnMap":{"0":{"name":"(anonymous_0)","decl":{"start":{"line":14,"column":4},"end":{"line":14,"column":5}},"loc":{"start":{"line":14,"column":17},"end":{"line":19,"column":5}},"line":14},"1":{"name":"(anonymous_1)","decl":{"start":{"line":21,"column":4},"end":{"line":21,"column":5}},"loc":{"start":{"line":21,"column":166},"end":{"line":54,"column":5}},"line":21}},"branchMap":{"0":{"loc":{"start":{"line":21,"column":119},"end":{"line":21,"column":141}},"type":"default-arg","locations":[{"start":{"line":21,"column":137},"end":{"line":21,"column":141}}],"line":21},"1":{"loc":{"start":{"line":21,"column":143},"end":{"line":21,"column":165}},"type":"default-arg","locations":[{"start":{"line":21,"column":161},"end":{"line":21,"column":165}}],"line":21},"2":{"loc":{"start":{"line":27,"column":12},"end":{"line":33,"column":13}},"type":"if","locations":[{"start":{"line":27,"column":12},"end":{"line":33,"column":13}},{"start":{},"end":{}}],"line":27}},"s":{"0":1,"1":1,"2":1,"3":1,"4":1,"5":1,"6":1,"7":1,"8":0,"9":1,"10":1,"11":1,"12":1,"13":0},"f":{"0":1,"1":1},"b":{"0":[1],"1":[1],"2":[0,1]},"_coverageSchema":"1a1c01bbd47fc00a2c39e90264f33305004495a9","hash":"0c5128ec4f3636568df2d064b1cdf65b2587c4bc"}
,"C:\\Users\\Nelson\\Desktop\\bookStore-server\\src\\utils\\bcryptConfig.ts": {"path":"C:\\Users\\Nelson\\Desktop\\bookStore-server\\src\\utils\\bcryptConfig.ts","statementMap":{"0":{"start":{"line":5,"column":27},"end":{"line":8,"column":1}},"1":{"start":{"line":7,"column":4},"end":{"line":7,"column":36}},"2":{"start":{"line":10,"column":29},"end":{"line":12,"column":1}},"3":{"start":{"line":11,"column":4},"end":{"line":11,"column":55}}},"fnMap":{"0":{"name":"(anonymous_0)","decl":{"start":{"line":5,"column":27},"end":{"line":5,"column":28}},"loc":{"start":{"line":5,"column":47},"end":{"line":8,"column":1}},"line":5},"1":{"name":"(anonymous_1)","decl":{"start":{"line":10,"column":29},"end":{"line":10,"column":30}},"loc":{"start":{"line":10,"column":63},"end":{"line":12,"column":1}},"line":10}},"branchMap":{},"s":{"0":1,"1":1,"2":1,"3":0},"f":{"0":1,"1":0},"b":{},"_coverageSchema":"1a1c01bbd47fc00a2c39e90264f33305004495a9","hash":"786045d126040fca9db06f294b8fbd5cb56a5ed2"}
,"C:\\Users\\Nelson\\Desktop\\bookStore-server\\src\\validations\\createUserValidation.ts": {"path":"C:\\Users\\Nelson\\Desktop\\bookStore-server\\src\\validations\\createUserValidation.ts","statementMap":{"0":{"start":{"line":95,"column":34},"end":{"line":101,"column":2}}},"fnMap":{},"branchMap":{},"s":{"0":1},"f":{},"b":{},"_coverageSchema":"1a1c01bbd47fc00a2c39e90264f33305004495a9","hash":"a883e9cf9c956306d58686358d9f388247ed9f8e"}
}
