{"C:\\Users\\Nelson\\Desktop\\bookStore-server\\src\\controllers\\user.controller.ts": {"path":"C:\\Users\\Nelson\\Desktop\\bookStore-server\\src\\controllers\\user.controller.ts","statementMap":{"0":{"start":{"line":7,"column":20},"end":{"line":7,"column":45}},"1":{"start":{"line":9,"column":24},"end":{"line":15,"column":1}},"2":{"start":{"line":11,"column":4},"end":{"line":14,"column":6}},"3":{"start":{"line":17,"column":27},"end":{"line":48,"column":1}},"4":{"start":{"line":19,"column":57},"end":{"line":19,"column":65}},"5":{"start":{"line":21,"column":4},"end":{"line":46,"column":5}},"6":{"start":{"line":22,"column":31},"end":{"line":22,"column":110}},"7":{"start":{"line":24,"column":8},"end":{"line":42,"column":10}},"8":{"start":{"line":45,"column":8},"end":{"line":45,"column":51}},"9":{"start":{"line":50,"column":25},"end":{"line":87,"column":1}},"10":{"start":{"line":52,"column":32},"end":{"line":52,"column":40}},"11":{"start":{"line":53,"column":4},"end":{"line":86,"column":5}},"12":{"start":{"line":56,"column":8},"end":{"line":58,"column":9}},"13":{"start":{"line":57,"column":12},"end":{"line":57,"column":79}},"14":{"start":{"line":61,"column":26},"end":{"line":61,"column":70}},"15":{"start":{"line":63,"column":8},"end":{"line":82,"column":10}},"16":{"start":{"line":85,"column":8},"end":{"line":85,"column":51}},"17":{"start":{"line":90,"column":27},"end":{"line":126,"column":1}},"18":{"start":{"line":92,"column":20},"end":{"line":92,"column":31}},"19":{"start":{"line":94,"column":4},"end":{"line":124,"column":5}},"20":{"start":{"line":95,"column":8},"end":{"line":97,"column":9}},"21":{"start":{"line":96,"column":12},"end":{"line":96,"column":48}},"22":{"start":{"line":99,"column":32},"end":{"line":99,"column":73}},"23":{"start":{"line":101,"column":8},"end":{"line":120,"column":10}},"24":{"start":{"line":123,"column":8},"end":{"line":123,"column":51}},"25":{"start":{"line":128,"column":29},"end":{"line":163,"column":1}},"26":{"start":{"line":129,"column":22},"end":{"line":129,"column":33}},"27":{"start":{"line":131,"column":4},"end":{"line":162,"column":5}},"28":{"start":{"line":132,"column":8},"end":{"line":134,"column":9}},"29":{"start":{"line":133,"column":12},"end":{"line":133,"column":48}},"30":{"start":{"line":136,"column":31},"end":{"line":136,"column":75}},"31":{"start":{"line":138,"column":8},"end":{"line":157,"column":10}},"32":{"start":{"line":161,"column":8},"end":{"line":161,"column":51}}},"fnMap":{"0":{"name":"(anonymous_0)","decl":{"start":{"line":9,"column":24},"end":{"line":9,"column":25}},"loc":{"start":{"line":9,"column":64},"end":{"line":15,"column":1}},"line":9},"1":{"name":"(anonymous_1)","decl":{"start":{"line":17,"column":27},"end":{"line":17,"column":28}},"loc":{"start":{"line":17,"column":66},"end":{"line":48,"column":1}},"line":17},"2":{"name":"(anonymous_2)","decl":{"start":{"line":50,"column":25},"end":{"line":50,"column":26}},"loc":{"start":{"line":50,"column":65},"end":{"line":87,"column":1}},"line":50},"3":{"name":"(anonymous_3)","decl":{"start":{"line":90,"column":27},"end":{"line":90,"column":28}},"loc":{"start":{"line":90,"column":67},"end":{"line":126,"column":1}},"line":90},"4":{"name":"(anonymous_4)","decl":{"start":{"line":128,"column":29},"end":{"line":128,"column":30}},"loc":{"start":{"line":128,"column":69},"end":{"line":163,"column":1}},"line":128}},"branchMap":{"0":{"loc":{"start":{"line":9,"column":31},"end":{"line":9,"column":44}},"type":"default-arg","locations":[{"start":{"line":9,"column":37},"end":{"line":9,"column":44}}],"line":9},"1":{"loc":{"start":{"line":9,"column":46},"end":{"line":9,"column":60}},"type":"default-arg","locations":[{"start":{"line":9,"column":52},"end":{"line":9,"column":60}}],"line":9},"2":{"loc":{"start":{"line":17,"column":34},"end":{"line":17,"column":47}},"type":"default-arg","locations":[{"start":{"line":17,"column":40},"end":{"line":17,"column":47}}],"line":17},"3":{"loc":{"start":{"line":17,"column":49},"end":{"line":17,"column":63}},"type":"default-arg","locations":[{"start":{"line":17,"column":55},"end":{"line":17,"column":63}}],"line":17},"4":{"loc":{"start":{"line":50,"column":32},"end":{"line":50,"column":45}},"type":"default-arg","locations":[{"start":{"line":50,"column":38},"end":{"line":50,"column":45}}],"line":50},"5":{"loc":{"start":{"line":50,"column":47},"end":{"line":50,"column":61}},"type":"default-arg","locations":[{"start":{"line":50,"column":53},"end":{"line":50,"column":61}}],"line":50},"6":{"loc":{"start":{"line":56,"column":8},"end":{"line":58,"column":9}},"type":"if","locations":[{"start":{"line":56,"column":8},"end":{"line":58,"column":9}},{"start":{},"end":{}}],"line":56},"7":{"loc":{"start":{"line":56,"column":11},"end":{"line":56,"column":30}},"type":"binary-expr","locations":[{"start":{"line":56,"column":11},"end":{"line":56,"column":17}},{"start":{"line":56,"column":21},"end":{"line":56,"column":30}}],"line":56},"8":{"loc":{"start":{"line":90,"column":34},"end":{"line":90,"column":47}},"type":"default-arg","locations":[{"start":{"line":90,"column":40},"end":{"line":90,"column":47}}],"line":90},"9":{"loc":{"start":{"line":90,"column":49},"end":{"line":90,"column":63}},"type":"default-arg","locations":[{"start":{"line":90,"column":55},"end":{"line":90,"column":63}}],"line":90},"10":{"loc":{"start":{"line":95,"column":8},"end":{"line":97,"column":9}},"type":"if","locations":[{"start":{"line":95,"column":8},"end":{"line":97,"column":9}},{"start":{},"end":{}}],"line":95},"11":{"loc":{"start":{"line":128,"column":36},"end":{"line":128,"column":49}},"type":"default-arg","locations":[{"start":{"line":128,"column":42},"end":{"line":128,"column":49}}],"line":128},"12":{"loc":{"start":{"line":128,"column":51},"end":{"line":128,"column":65}},"type":"default-arg","locations":[{"start":{"line":128,"column":57},"end":{"line":128,"column":65}}],"line":128},"13":{"loc":{"start":{"line":132,"column":8},"end":{"line":134,"column":9}},"type":"if","locations":[{"start":{"line":132,"column":8},"end":{"line":134,"column":9}},{"start":{},"end":{}}],"line":132}},"s":{"0":1,"1":1,"2":1,"3":1,"4":1,"5":1,"6":1,"7":1,"8":0,"9":1,"10":3,"11":3,"12":3,"13":0,"14":3,"15":2,"16":1,"17":1,"18":1,"19":1,"20":1,"21":0,"22":1,"23":1,"24":0,"25":1,"26":0,"27":0,"28":0,"29":0,"30":0,"31":0,"32":0},"f":{"0":1,"1":1,"2":3,"3":1,"4":0},"b":{"0":[0],"1":[0],"2":[0],"3":[0],"4":[0],"5":[0],"6":[0,3],"7":[3,3],"8":[0],"9":[0],"10":[0,1],"11":[0],"12":[0],"13":[0,0]},"_coverageSchema":"1a1c01bbd47fc00a2c39e90264f33305004495a9","hash":"0164c4a30ba476ddd94afcc6ff560c0115eea23d"}
,"C:\\Users\\Nelson\\Desktop\\bookStore-server\\src\\db\\dbConnection.ts": {"path":"C:\\Users\\Nelson\\Desktop\\bookStore-server\\src\\db\\dbConnection.ts","statementMap":{"0":{"start":{"line":3,"column":0},"end":{"line":3,"column":15}},"1":{"start":{"line":15,"column":8},"end":{"line":15,"column":52}},"2":{"start":{"line":26,"column":8},"end":{"line":28,"column":9}},"3":{"start":{"line":27,"column":12},"end":{"line":27,"column":53}},"4":{"start":{"line":29,"column":8},"end":{"line":29,"column":28}}},"fnMap":{"0":{"name":"(anonymous_0)","decl":{"start":{"line":12,"column":4},"end":{"line":12,"column":5}},"loc":{"start":{"line":12,"column":25},"end":{"line":17,"column":5}},"line":12},"1":{"name":"(anonymous_1)","decl":{"start":{"line":24,"column":4},"end":{"line":24,"column":5}},"loc":{"start":{"line":24,"column":45},"end":{"line":30,"column":5}},"line":24}},"branchMap":{"0":{"loc":{"start":{"line":26,"column":8},"end":{"line":28,"column":9}},"type":"if","locations":[{"start":{"line":26,"column":8},"end":{"line":28,"column":9}},{"start":{},"end":{}}],"line":26}},"s":{"0":1,"1":1,"2":6,"3":1,"4":5},"f":{"0":1,"1":6},"b":{"0":[1,5]},"_coverageSchema":"1a1c01bbd47fc00a2c39e90264f33305004495a9","hash":"dd2bad6b81543b7424c572e53722460318110336"}
,"C:\\Users\\Nelson\\Desktop\\bookStore-server\\src\\db\\schemas\\user.schema.ts": {"path":"C:\\Users\\Nelson\\Desktop\\bookStore-server\\src\\db\\schemas\\user.schema.ts","statementMap":{"0":{"start":{"line":2,"column":26},"end":{"line":2,"column":34}},"1":{"start":{"line":4,"column":19},"end":{"line":19,"column":2}},"2":{"start":{"line":22,"column":25},"end":{"line":22,"column":50}}},"fnMap":{},"branchMap":{},"s":{"0":1,"1":1,"2":1},"f":{},"b":{},"_coverageSchema":"1a1c01bbd47fc00a2c39e90264f33305004495a9","hash":"a16e3cdd4baf154d179f2985a76c70aba02aa476"}
,"C:\\Users\\Nelson\\Desktop\\bookStore-server\\src\\middlewares\\validateRegister.ts": {"path":"C:\\Users\\Nelson\\Desktop\\bookStore-server\\src\\middlewares\\validateRegister.ts","statementMap":{"0":{"start":{"line":7,"column":32},"end":{"line":17,"column":3}},"1":{"start":{"line":7,"column":49},"end":{"line":17,"column":3}},"2":{"start":{"line":9,"column":17},"end":{"line":9,"column":25}},"3":{"start":{"line":11,"column":4},"end":{"line":16,"column":5}},"4":{"start":{"line":12,"column":6},"end":{"line":12,"column":34}},"5":{"start":{"line":13,"column":6},"end":{"line":13,"column":20}},"6":{"start":{"line":15,"column":6},"end":{"line":15,"column":42}}},"fnMap":{"0":{"name":"(anonymous_0)","decl":{"start":{"line":7,"column":32},"end":{"line":7,"column":33}},"loc":{"start":{"line":7,"column":49},"end":{"line":17,"column":3}},"line":7},"1":{"name":"(anonymous_1)","decl":{"start":{"line":7,"column":49},"end":{"line":7,"column":50}},"loc":{"start":{"line":7,"column":108},"end":{"line":17,"column":3}},"line":7}},"branchMap":{"0":{"loc":{"start":{"line":7,"column":56},"end":{"line":7,"column":68}},"type":"default-arg","locations":[{"start":{"line":7,"column":61},"end":{"line":7,"column":68}}],"line":7},"1":{"loc":{"start":{"line":7,"column":70},"end":{"line":7,"column":83}},"type":"default-arg","locations":[{"start":{"line":7,"column":75},"end":{"line":7,"column":83}}],"line":7}},"s":{"0":1,"1":1,"2":1,"3":1,"4":1,"5":1,"6":0},"f":{"0":1,"1":1},"b":{"0":[0],"1":[0]},"_coverageSchema":"1a1c01bbd47fc00a2c39e90264f33305004495a9","hash":"a990683b6dfc17036deacd0b43969f14757074f3"}
,"C:\\Users\\Nelson\\Desktop\\bookStore-server\\src\\models\\server.ts": {"path":"C:\\Users\\Nelson\\Desktop\\bookStore-server\\src\\models\\server.ts","statementMap":{"0":{"start":{"line":20,"column":8},"end":{"line":20,"column":28}},"1":{"start":{"line":21,"column":8},"end":{"line":21,"column":46}},"2":{"start":{"line":23,"column":8},"end":{"line":25,"column":9}},"3":{"start":{"line":28,"column":8},"end":{"line":28,"column":27}},"4":{"start":{"line":31,"column":8},"end":{"line":31,"column":27}},"5":{"start":{"line":34,"column":8},"end":{"line":34,"column":22}},"6":{"start":{"line":38,"column":8},"end":{"line":38,"column":23}},"7":{"start":{"line":44,"column":8},"end":{"line":49,"column":9}},"8":{"start":{"line":46,"column":12},"end":{"line":46,"column":44}},"9":{"start":{"line":48,"column":12},"end":{"line":48,"column":30}},"10":{"start":{"line":57,"column":8},"end":{"line":57,"column":38}},"11":{"start":{"line":58,"column":8},"end":{"line":58,"column":38}},"12":{"start":{"line":59,"column":8},"end":{"line":59,"column":29}},"13":{"start":{"line":60,"column":8},"end":{"line":60,"column":42}},"14":{"start":{"line":61,"column":8},"end":{"line":61,"column":64}},"15":{"start":{"line":62,"column":8},"end":{"line":62,"column":60}},"16":{"start":{"line":67,"column":8},"end":{"line":67,"column":59}},"17":{"start":{"line":71,"column":8},"end":{"line":73,"column":12}},"18":{"start":{"line":72,"column":12},"end":{"line":72,"column":69}}},"fnMap":{"0":{"name":"(anonymous_0)","decl":{"start":{"line":19,"column":4},"end":{"line":19,"column":5}},"loc":{"start":{"line":19,"column":17},"end":{"line":35,"column":5}},"line":19},"1":{"name":"(anonymous_1)","decl":{"start":{"line":37,"column":4},"end":{"line":37,"column":5}},"loc":{"start":{"line":37,"column":12},"end":{"line":39,"column":5}},"line":37},"2":{"name":"(anonymous_2)","decl":{"start":{"line":41,"column":4},"end":{"line":41,"column":5}},"loc":{"start":{"line":41,"column":24},"end":{"line":51,"column":5}},"line":41},"3":{"name":"(anonymous_3)","decl":{"start":{"line":56,"column":4},"end":{"line":56,"column":5}},"loc":{"start":{"line":56,"column":17},"end":{"line":63,"column":5}},"line":56},"4":{"name":"(anonymous_4)","decl":{"start":{"line":65,"column":4},"end":{"line":65,"column":5}},"loc":{"start":{"line":65,"column":12},"end":{"line":68,"column":5}},"line":65},"5":{"name":"(anonymous_5)","decl":{"start":{"line":70,"column":4},"end":{"line":70,"column":5}},"loc":{"start":{"line":70,"column":12},"end":{"line":74,"column":5}},"line":70},"6":{"name":"(anonymous_6)","decl":{"start":{"line":71,"column":35},"end":{"line":71,"column":36}},"loc":{"start":{"line":71,"column":41},"end":{"line":73,"column":11}},"line":71}},"branchMap":{"0":{"loc":{"start":{"line":21,"column":20},"end":{"line":21,"column":46}},"type":"binary-expr","locations":[{"start":{"line":21,"column":20},"end":{"line":21,"column":36}},{"start":{"line":21,"column":40},"end":{"line":21,"column":46}}],"line":21}},"s":{"0":6,"1":6,"2":6,"3":6,"4":6,"5":6,"6":6,"7":6,"8":6,"9":0,"10":6,"11":6,"12":6,"13":6,"14":6,"15":6,"16":6,"17":0,"18":0},"f":{"0":6,"1":6,"2":6,"3":6,"4":6,"5":0,"6":0},"b":{"0":[6,0]},"_coverageSchema":"1a1c01bbd47fc00a2c39e90264f33305004495a9","hash":"ac5c65e8f3910a441b9d1a2fdc6f4ac3b4b2cab1"}
,"C:\\Users\\Nelson\\Desktop\\bookStore-server\\src\\models\\UsersManagers\\User.ts": {"path":"C:\\Users\\Nelson\\Desktop\\bookStore-server\\src\\models\\UsersManagers\\User.ts","statementMap":{"0":{"start":{"line":38,"column":8},"end":{"line":38,"column":33}},"1":{"start":{"line":39,"column":8},"end":{"line":39,"column":37}},"2":{"start":{"line":40,"column":8},"end":{"line":40,"column":34}},"3":{"start":{"line":41,"column":8},"end":{"line":41,"column":37}},"4":{"start":{"line":42,"column":8},"end":{"line":42,"column":36}},"5":{"start":{"line":43,"column":8},"end":{"line":43,"column":35}},"6":{"start":{"line":44,"column":8},"end":{"line":44,"column":40}},"7":{"start":{"line":45,"column":8},"end":{"line":45,"column":36}},"8":{"start":{"line":46,"column":8},"end":{"line":46,"column":37}},"9":{"start":{"line":47,"column":8},"end":{"line":47,"column":41}},"10":{"start":{"line":48,"column":8},"end":{"line":48,"column":41}},"11":{"start":{"line":49,"column":8},"end":{"line":49,"column":40}},"12":{"start":{"line":50,"column":8},"end":{"line":50,"column":33}},"13":{"start":{"line":51,"column":8},"end":{"line":51,"column":36}},"14":{"start":{"line":55,"column":8},"end":{"line":55,"column":25}}},"fnMap":{"0":{"name":"(anonymous_0)","decl":{"start":{"line":22,"column":4},"end":{"line":22,"column":5}},"loc":{"start":{"line":37,"column":9},"end":{"line":52,"column":5}},"line":37},"1":{"name":"(anonymous_1)","decl":{"start":{"line":54,"column":4},"end":{"line":54,"column":5}},"loc":{"start":{"line":54,"column":14},"end":{"line":56,"column":5}},"line":54}},"branchMap":{},"s":{"0":2,"1":2,"2":2,"3":2,"4":2,"5":2,"6":2,"7":2,"8":2,"9":2,"10":2,"11":2,"12":2,"13":2,"14":0},"f":{"0":2,"1":0},"b":{},"_coverageSchema":"1a1c01bbd47fc00a2c39e90264f33305004495a9","hash":"3e09d62654d82f272a2de0ace29ad9e6ad96024e"}
,"C:\\Users\\Nelson\\Desktop\\bookStore-server\\src\\models\\UsersManagers\\UserBuilder.ts": {"path":"C:\\Users\\Nelson\\Desktop\\bookStore-server\\src\\models\\UsersManagers\\UserBuilder.ts","statementMap":{"0":{"start":{"line":23,"column":8},"end":{"line":34,"column":35}},"1":{"start":{"line":35,"column":8},"end":{"line":36,"column":32}},"2":{"start":{"line":40,"column":8},"end":{"line":50,"column":32}},"3":{"start":{"line":54,"column":8},"end":{"line":54,"column":20}},"4":{"start":{"line":55,"column":8},"end":{"line":55,"column":19}},"5":{"start":{"line":59,"column":8},"end":{"line":59,"column":44}},"6":{"start":{"line":60,"column":8},"end":{"line":60,"column":19}},"7":{"start":{"line":64,"column":8},"end":{"line":64,"column":52}},"8":{"start":{"line":65,"column":8},"end":{"line":65,"column":19}},"9":{"start":{"line":69,"column":8},"end":{"line":69,"column":46}},"10":{"start":{"line":70,"column":8},"end":{"line":70,"column":19}},"11":{"start":{"line":74,"column":8},"end":{"line":74,"column":46}},"12":{"start":{"line":75,"column":8},"end":{"line":75,"column":19}},"13":{"start":{"line":79,"column":8},"end":{"line":79,"column":50}},"14":{"start":{"line":80,"column":8},"end":{"line":80,"column":19}},"15":{"start":{"line":84,"column":8},"end":{"line":84,"column":28}},"16":{"start":{"line":85,"column":8},"end":{"line":85,"column":19}},"17":{"start":{"line":89,"column":8},"end":{"line":89,"column":38}},"18":{"start":{"line":90,"column":8},"end":{"line":90,"column":19}},"19":{"start":{"line":94,"column":8},"end":{"line":94,"column":30}},"20":{"start":{"line":95,"column":8},"end":{"line":95,"column":19}},"21":{"start":{"line":99,"column":8},"end":{"line":99,"column":32}},"22":{"start":{"line":100,"column":8},"end":{"line":100,"column":19}},"23":{"start":{"line":104,"column":8},"end":{"line":104,"column":40}},"24":{"start":{"line":105,"column":8},"end":{"line":105,"column":19}},"25":{"start":{"line":109,"column":8},"end":{"line":109,"column":40}},"26":{"start":{"line":110,"column":8},"end":{"line":110,"column":19}},"27":{"start":{"line":114,"column":8},"end":{"line":114,"column":38}},"28":{"start":{"line":115,"column":8},"end":{"line":115,"column":19}},"29":{"start":{"line":119,"column":8},"end":{"line":119,"column":24}},"30":{"start":{"line":120,"column":8},"end":{"line":120,"column":19}},"31":{"start":{"line":124,"column":8},"end":{"line":124,"column":30}},"32":{"start":{"line":125,"column":8},"end":{"line":125,"column":19}},"33":{"start":{"line":131,"column":8},"end":{"line":131,"column":28}},"34":{"start":{"line":132,"column":8},"end":{"line":132,"column":19}},"35":{"start":{"line":136,"column":8},"end":{"line":136,"column":31}},"36":{"start":{"line":137,"column":8},"end":{"line":137,"column":19}},"37":{"start":{"line":141,"column":21},"end":{"line":156,"column":9}},"38":{"start":{"line":158,"column":8},"end":{"line":158,"column":20}},"39":{"start":{"line":160,"column":8},"end":{"line":160,"column":19}}},"fnMap":{"0":{"name":"(anonymous_0)","decl":{"start":{"line":22,"column":4},"end":{"line":22,"column":5}},"loc":{"start":{"line":22,"column":17},"end":{"line":37,"column":5}},"line":22},"1":{"name":"(anonymous_1)","decl":{"start":{"line":39,"column":4},"end":{"line":39,"column":5}},"loc":{"start":{"line":39,"column":16},"end":{"line":51,"column":5}},"line":39},"2":{"name":"(anonymous_2)","decl":{"start":{"line":53,"column":4},"end":{"line":53,"column":5}},"loc":{"start":{"line":53,"column":36},"end":{"line":56,"column":5}},"line":53},"3":{"name":"(anonymous_3)","decl":{"start":{"line":58,"column":4},"end":{"line":58,"column":5}},"loc":{"start":{"line":58,"column":40},"end":{"line":61,"column":5}},"line":58},"4":{"name":"(anonymous_4)","decl":{"start":{"line":63,"column":4},"end":{"line":63,"column":5}},"loc":{"start":{"line":63,"column":48},"end":{"line":66,"column":5}},"line":63},"5":{"name":"(anonymous_5)","decl":{"start":{"line":68,"column":4},"end":{"line":68,"column":5}},"loc":{"start":{"line":68,"column":42},"end":{"line":71,"column":5}},"line":68},"6":{"name":"(anonymous_6)","decl":{"start":{"line":73,"column":4},"end":{"line":73,"column":5}},"loc":{"start":{"line":73,"column":48},"end":{"line":76,"column":5}},"line":73},"7":{"name":"(anonymous_7)","decl":{"start":{"line":78,"column":4},"end":{"line":78,"column":5}},"loc":{"start":{"line":78,"column":46},"end":{"line":81,"column":5}},"line":78},"8":{"name":"(anonymous_8)","decl":{"start":{"line":83,"column":4},"end":{"line":83,"column":5}},"loc":{"start":{"line":83,"column":45},"end":{"line":86,"column":5}},"line":83},"9":{"name":"(anonymous_9)","decl":{"start":{"line":88,"column":4},"end":{"line":88,"column":5}},"loc":{"start":{"line":88,"column":56},"end":{"line":91,"column":5}},"line":88},"10":{"name":"(anonymous_10)","decl":{"start":{"line":93,"column":4},"end":{"line":93,"column":5}},"loc":{"start":{"line":93,"column":46},"end":{"line":96,"column":5}},"line":93},"11":{"name":"(anonymous_11)","decl":{"start":{"line":98,"column":4},"end":{"line":98,"column":5}},"loc":{"start":{"line":98,"column":48},"end":{"line":101,"column":5}},"line":98},"12":{"name":"(anonymous_12)","decl":{"start":{"line":103,"column":4},"end":{"line":103,"column":5}},"loc":{"start":{"line":103,"column":57},"end":{"line":106,"column":5}},"line":103},"13":{"name":"(anonymous_13)","decl":{"start":{"line":108,"column":4},"end":{"line":108,"column":5}},"loc":{"start":{"line":108,"column":54},"end":{"line":111,"column":5}},"line":108},"14":{"name":"(anonymous_14)","decl":{"start":{"line":113,"column":4},"end":{"line":113,"column":5}},"loc":{"start":{"line":113,"column":59},"end":{"line":116,"column":5}},"line":113},"15":{"name":"(anonymous_15)","decl":{"start":{"line":118,"column":4},"end":{"line":118,"column":5}},"loc":{"start":{"line":118,"column":35},"end":{"line":121,"column":5}},"line":118},"16":{"name":"(anonymous_16)","decl":{"start":{"line":123,"column":4},"end":{"line":123,"column":5}},"loc":{"start":{"line":123,"column":42},"end":{"line":126,"column":5}},"line":123},"17":{"name":"(anonymous_17)","decl":{"start":{"line":130,"column":4},"end":{"line":130,"column":5}},"loc":{"start":{"line":130,"column":36},"end":{"line":133,"column":5}},"line":130},"18":{"name":"(anonymous_18)","decl":{"start":{"line":135,"column":4},"end":{"line":135,"column":5}},"loc":{"start":{"line":135,"column":39},"end":{"line":138,"column":5}},"line":135},"19":{"name":"(anonymous_19)","decl":{"start":{"line":140,"column":4},"end":{"line":140,"column":5}},"loc":{"start":{"line":140,"column":18},"end":{"line":161,"column":5}},"line":140}},"branchMap":{},"s":{"0":1,"1":1,"2":2,"3":1,"4":1,"5":2,"6":2,"7":2,"8":2,"9":2,"10":2,"11":2,"12":2,"13":2,"14":2,"15":2,"16":2,"17":2,"18":2,"19":2,"20":2,"21":2,"22":2,"23":2,"24":2,"25":2,"26":2,"27":2,"28":2,"29":1,"30":1,"31":1,"32":1,"33":0,"34":0,"35":0,"36":0,"37":2,"38":2,"39":2},"f":{"0":1,"1":2,"2":1,"3":2,"4":2,"5":2,"6":2,"7":2,"8":2,"9":2,"10":2,"11":2,"12":2,"13":2,"14":2,"15":1,"16":1,"17":0,"18":0,"19":2},"b":{},"_coverageSchema":"1a1c01bbd47fc00a2c39e90264f33305004495a9","hash":"37a1c3dd0b10023f02dc989f9ff7e46b8c278b6c"}
,"C:\\Users\\Nelson\\Desktop\\bookStore-server\\src\\models\\UsersManagers\\UserDirector.ts": {"path":"C:\\Users\\Nelson\\Desktop\\bookStore-server\\src\\models\\UsersManagers\\UserDirector.ts","statementMap":{"0":{"start":{"line":8,"column":8},"end":{"line":8,"column":38}},"1":{"start":{"line":12,"column":8},"end":{"line":12,"column":38}},"2":{"start":{"line":22,"column":12},"end":{"line":33,"column":59}},"3":{"start":{"line":47,"column":8},"end":{"line":61,"column":52}},"4":{"start":{"line":75,"column":8},"end":{"line":89,"column":52}}},"fnMap":{"0":{"name":"(anonymous_0)","decl":{"start":{"line":7,"column":4},"end":{"line":7,"column":5}},"loc":{"start":{"line":7,"column":42},"end":{"line":9,"column":5}},"line":7},"1":{"name":"(anonymous_1)","decl":{"start":{"line":11,"column":4},"end":{"line":11,"column":5}},"loc":{"start":{"line":11,"column":45},"end":{"line":13,"column":5}},"line":11},"2":{"name":"(anonymous_2)","decl":{"start":{"line":15,"column":4},"end":{"line":15,"column":5}},"loc":{"start":{"line":21,"column":9},"end":{"line":34,"column":5}},"line":21},"3":{"name":"(anonymous_3)","decl":{"start":{"line":36,"column":4},"end":{"line":36,"column":5}},"loc":{"start":{"line":46,"column":5},"end":{"line":62,"column":5}},"line":46},"4":{"name":"(anonymous_4)","decl":{"start":{"line":64,"column":4},"end":{"line":64,"column":5}},"loc":{"start":{"line":74,"column":5},"end":{"line":90,"column":5}},"line":74}},"branchMap":{},"s":{"0":1,"1":0,"2":1,"3":1,"4":0},"f":{"0":1,"1":0,"2":1,"3":1,"4":0},"b":{},"_coverageSchema":"1a1c01bbd47fc00a2c39e90264f33305004495a9","hash":"a62d33ce0d520d2365ec72fc8e2e99a320d26053"}
,"C:\\Users\\Nelson\\Desktop\\bookStore-server\\src\\routes\\user.routes.ts": {"path":"C:\\Users\\Nelson\\Desktop\\bookStore-server\\src\\routes\\user.routes.ts","statementMap":{"0":{"start":{"line":7,"column":15},"end":{"line":7,"column":23}},"1":{"start":{"line":11,"column":0},"end":{"line":11,"column":66}},"2":{"start":{"line":13,"column":0},"end":{"line":13,"column":31}},"3":{"start":{"line":15,"column":0},"end":{"line":15,"column":31}},"4":{"start":{"line":17,"column":0},"end":{"line":17,"column":37}},"5":{"start":{"line":19,"column":0},"end":{"line":19,"column":25}}},"fnMap":{},"branchMap":{},"s":{"0":1,"1":1,"2":1,"3":1,"4":1,"5":1},"f":{},"b":{},"_coverageSchema":"1a1c01bbd47fc00a2c39e90264f33305004495a9","hash":"92e8ba153099961e9a045268e8c04ace13826609"}
,"C:\\Users\\Nelson\\Desktop\\bookStore-server\\src\\services\\userServices\\user.services.ts": {"path":"C:\\Users\\Nelson\\Desktop\\bookStore-server\\src\\services\\userServices\\user.services.ts","statementMap":{"0":{"start":{"line":34,"column":8},"end":{"line":34,"column":44}},"1":{"start":{"line":35,"column":8},"end":{"line":35,"column":62}},"2":{"start":{"line":36,"column":8},"end":{"line":36,"column":23}},"3":{"start":{"line":37,"column":8},"end":{"line":37,"column":23}},"4":{"start":{"line":41,"column":8},"end":{"line":70,"column":9}},"5":{"start":{"line":43,"column":30},"end":{"line":43,"column":69}},"6":{"start":{"line":45,"column":12},"end":{"line":51,"column":13}},"7":{"start":{"line":46,"column":16},"end":{"line":49,"column":18}},"8":{"start":{"line":52,"column":12},"end":{"line":52,"column":89}},"9":{"start":{"line":54,"column":25},"end":{"line":54,"column":49}},"10":{"start":{"line":55,"column":25},"end":{"line":55,"column":53}},"11":{"start":{"line":57,"column":26},"end":{"line":57,"column":94}},"12":{"start":{"line":60,"column":12},"end":{"line":63,"column":13}},"13":{"start":{"line":66,"column":12},"end":{"line":69,"column":14}},"14":{"start":{"line":74,"column":8},"end":{"line":126,"column":9}},"15":{"start":{"line":76,"column":51},"end":{"line":76,"column":90}},"16":{"start":{"line":78,"column":12},"end":{"line":83,"column":13}},"17":{"start":{"line":79,"column":16},"end":{"line":82,"column":18}},"18":{"start":{"line":85,"column":32},"end":{"line":85,"column":61}},"19":{"start":{"line":87,"column":26},"end":{"line":87,"column":94}},"20":{"start":{"line":89,"column":12},"end":{"line":94,"column":13}},"21":{"start":{"line":90,"column":16},"end":{"line":93,"column":18}},"22":{"start":{"line":96,"column":12},"end":{"line":101,"column":13}},"23":{"start":{"line":97,"column":16},"end":{"line":100,"column":18}},"24":{"start":{"line":103,"column":12},"end":{"line":118,"column":13}},"25":{"start":{"line":122,"column":12},"end":{"line":125,"column":14}},"26":{"start":{"line":131,"column":8},"end":{"line":208,"column":9}},"27":{"start":{"line":132,"column":31},"end":{"line":132,"column":75}},"28":{"start":{"line":134,"column":12},"end":{"line":139,"column":13}},"29":{"start":{"line":135,"column":16},"end":{"line":138,"column":17}},"30":{"start":{"line":141,"column":51},"end":{"line":141,"column":89}},"31":{"start":{"line":143,"column":12},"end":{"line":148,"column":13}},"32":{"start":{"line":144,"column":16},"end":{"line":147,"column":17}},"33":{"start":{"line":149,"column":12},"end":{"line":154,"column":13}},"34":{"start":{"line":150,"column":16},"end":{"line":153,"column":17}},"35":{"start":{"line":155,"column":12},"end":{"line":160,"column":13}},"36":{"start":{"line":156,"column":16},"end":{"line":159,"column":17}},"37":{"start":{"line":162,"column":12},"end":{"line":171,"column":29}},"38":{"start":{"line":173,"column":29},"end":{"line":173,"column":53}},"39":{"start":{"line":175,"column":32},"end":{"line":177,"column":21}},"40":{"start":{"line":179,"column":12},"end":{"line":184,"column":13}},"41":{"start":{"line":180,"column":16},"end":{"line":183,"column":17}},"42":{"start":{"line":186,"column":12},"end":{"line":201,"column":13}},"43":{"start":{"line":204,"column":12},"end":{"line":207,"column":13}},"44":{"start":{"line":214,"column":8},"end":{"line":284,"column":9}},"45":{"start":{"line":215,"column":31},"end":{"line":215,"column":75}},"46":{"start":{"line":216,"column":12},"end":{"line":221,"column":13}},"47":{"start":{"line":217,"column":16},"end":{"line":220,"column":17}},"48":{"start":{"line":223,"column":49},"end":{"line":223,"column":87}},"49":{"start":{"line":224,"column":12},"end":{"line":229,"column":13}},"50":{"start":{"line":225,"column":16},"end":{"line":228,"column":17}},"51":{"start":{"line":230,"column":12},"end":{"line":235,"column":13}},"52":{"start":{"line":231,"column":16},"end":{"line":234,"column":17}},"53":{"start":{"line":238,"column":12},"end":{"line":247,"column":33}},"54":{"start":{"line":249,"column":32},"end":{"line":249,"column":56}},"55":{"start":{"line":251,"column":32},"end":{"line":253,"column":21}},"56":{"start":{"line":255,"column":12},"end":{"line":260,"column":13}},"57":{"start":{"line":256,"column":16},"end":{"line":259,"column":17}},"58":{"start":{"line":262,"column":12},"end":{"line":277,"column":13}},"59":{"start":{"line":280,"column":12},"end":{"line":283,"column":13}}},"fnMap":{"0":{"name":"(anonymous_0)","decl":{"start":{"line":33,"column":4},"end":{"line":33,"column":5}},"loc":{"start":{"line":33,"column":17},"end":{"line":38,"column":5}},"line":33},"1":{"name":"(anonymous_1)","decl":{"start":{"line":40,"column":4},"end":{"line":40,"column":5}},"loc":{"start":{"line":40,"column":118},"end":{"line":71,"column":5}},"line":40},"2":{"name":"(anonymous_2)","decl":{"start":{"line":73,"column":4},"end":{"line":73,"column":5}},"loc":{"start":{"line":73,"column":59},"end":{"line":127,"column":5}},"line":73},"3":{"name":"(anonymous_3)","decl":{"start":{"line":129,"column":4},"end":{"line":129,"column":5}},"loc":{"start":{"line":129,"column":53},"end":{"line":210,"column":5}},"line":129},"4":{"name":"(anonymous_4)","decl":{"start":{"line":212,"column":4},"end":{"line":212,"column":5}},"loc":{"start":{"line":212,"column":56},"end":{"line":287,"column":5}},"line":212}},"branchMap":{"0":{"loc":{"start":{"line":45,"column":12},"end":{"line":51,"column":13}},"type":"if","locations":[{"start":{"line":45,"column":12},"end":{"line":51,"column":13}},{"start":{},"end":{}}],"line":45},"1":{"loc":{"start":{"line":78,"column":12},"end":{"line":83,"column":13}},"type":"if","locations":[{"start":{"line":78,"column":12},"end":{"line":83,"column":13}},{"start":{},"end":{}}],"line":78},"2":{"loc":{"start":{"line":89,"column":12},"end":{"line":94,"column":13}},"type":"if","locations":[{"start":{"line":89,"column":12},"end":{"line":94,"column":13}},{"start":{},"end":{}}],"line":89},"3":{"loc":{"start":{"line":96,"column":12},"end":{"line":101,"column":13}},"type":"if","locations":[{"start":{"line":96,"column":12},"end":{"line":101,"column":13}},{"start":{},"end":{}}],"line":96},"4":{"loc":{"start":{"line":134,"column":12},"end":{"line":139,"column":13}},"type":"if","locations":[{"start":{"line":134,"column":12},"end":{"line":139,"column":13}},{"start":{},"end":{}}],"line":134},"5":{"loc":{"start":{"line":143,"column":12},"end":{"line":148,"column":13}},"type":"if","locations":[{"start":{"line":143,"column":12},"end":{"line":148,"column":13}},{"start":{},"end":{}}],"line":143},"6":{"loc":{"start":{"line":149,"column":12},"end":{"line":154,"column":13}},"type":"if","locations":[{"start":{"line":149,"column":12},"end":{"line":154,"column":13}},{"start":{},"end":{}}],"line":149},"7":{"loc":{"start":{"line":155,"column":12},"end":{"line":160,"column":13}},"type":"if","locations":[{"start":{"line":155,"column":12},"end":{"line":160,"column":13}},{"start":{},"end":{}}],"line":155},"8":{"loc":{"start":{"line":179,"column":12},"end":{"line":184,"column":13}},"type":"if","locations":[{"start":{"line":179,"column":12},"end":{"line":184,"column":13}},{"start":{},"end":{}}],"line":179},"9":{"loc":{"start":{"line":216,"column":12},"end":{"line":221,"column":13}},"type":"if","locations":[{"start":{"line":216,"column":12},"end":{"line":221,"column":13}},{"start":{},"end":{}}],"line":216},"10":{"loc":{"start":{"line":224,"column":12},"end":{"line":229,"column":13}},"type":"if","locations":[{"start":{"line":224,"column":12},"end":{"line":229,"column":13}},{"start":{},"end":{}}],"line":224},"11":{"loc":{"start":{"line":230,"column":12},"end":{"line":235,"column":13}},"type":"if","locations":[{"start":{"line":230,"column":12},"end":{"line":235,"column":13}},{"start":{},"end":{}}],"line":230},"12":{"loc":{"start":{"line":255,"column":12},"end":{"line":260,"column":13}},"type":"if","locations":[{"start":{"line":255,"column":12},"end":{"line":260,"column":13}},{"start":{},"end":{}}],"line":255}},"s":{"0":1,"1":1,"2":1,"3":1,"4":1,"5":1,"6":1,"7":0,"8":1,"9":1,"10":1,"11":1,"12":1,"13":0,"14":3,"15":3,"16":3,"17":0,"18":3,"19":3,"20":3,"21":0,"22":3,"23":1,"24":2,"25":1,"26":1,"27":1,"28":1,"29":0,"30":1,"31":1,"32":0,"33":1,"34":0,"35":1,"36":0,"37":1,"38":1,"39":1,"40":1,"41":0,"42":1,"43":0,"44":0,"45":0,"46":0,"47":0,"48":0,"49":0,"50":0,"51":0,"52":0,"53":0,"54":0,"55":0,"56":0,"57":0,"58":0,"59":0},"f":{"0":1,"1":1,"2":3,"3":1,"4":0},"b":{"0":[0,1],"1":[0,3],"2":[0,3],"3":[1,2],"4":[0,1],"5":[0,1],"6":[0,1],"7":[0,1],"8":[0,1],"9":[0,0],"10":[0,0],"11":[0,0],"12":[0,0]},"_coverageSchema":"1a1c01bbd47fc00a2c39e90264f33305004495a9","hash":"34f892446bc83f9443a0160b547c623898f7ef33"}
,"C:\\Users\\Nelson\\Desktop\\bookStore-server\\src\\utils\\bcryptConfig.ts": {"path":"C:\\Users\\Nelson\\Desktop\\bookStore-server\\src\\utils\\bcryptConfig.ts","statementMap":{"0":{"start":{"line":4,"column":27},"end":{"line":7,"column":1}},"1":{"start":{"line":6,"column":4},"end":{"line":6,"column":36}},"2":{"start":{"line":9,"column":29},"end":{"line":11,"column":1}},"3":{"start":{"line":10,"column":4},"end":{"line":10,"column":56}}},"fnMap":{"0":{"name":"(anonymous_0)","decl":{"start":{"line":4,"column":27},"end":{"line":4,"column":28}},"loc":{"start":{"line":4,"column":47},"end":{"line":7,"column":1}},"line":4},"1":{"name":"(anonymous_1)","decl":{"start":{"line":9,"column":29},"end":{"line":9,"column":30}},"loc":{"start":{"line":9,"column":61},"end":{"line":11,"column":1}},"line":9}},"branchMap":{},"s":{"0":1,"1":2,"2":1,"3":3},"f":{"0":2,"1":3},"b":{},"_coverageSchema":"1a1c01bbd47fc00a2c39e90264f33305004495a9","hash":"1a3b9dfcb7904f86457c573a02009f5b778ad4c0"}
,"C:\\Users\\Nelson\\Desktop\\bookStore-server\\src\\validations\\createUserValidation.ts": {"path":"C:\\Users\\Nelson\\Desktop\\bookStore-server\\src\\validations\\createUserValidation.ts","statementMap":{"0":{"start":{"line":95,"column":34},"end":{"line":101,"column":2}}},"fnMap":{},"branchMap":{},"s":{"0":1},"f":{},"b":{},"_coverageSchema":"1a1c01bbd47fc00a2c39e90264f33305004495a9","hash":"a883e9cf9c956306d58686358d9f388247ed9f8e"}
}
