TN:
SF:src\controllers\book.controller.ts
FN:4,(anonymous_0)
FN:17,(anonymous_1)
FNF:2
FNH:2
FNDA:1,(anonymous_0)
FNDA:1,(anonymous_1)
DA:4,2
DA:5,1
DA:8,1
DA:13,0
DA:17,2
DA:18,1
DA:19,1
DA:24,0
LF:8
LH:6
BRDA:4,0,0,0
BRDA:4,1,0,0
BRDA:17,2,0,0
BRDA:17,3,0,0
BRF:4
BRH:0
end_of_record
TN:
SF:src\controllers\user.controller.ts
FN:7,(anonymous_0)
FN:15,(anonymous_1)
FN:48,(anonymous_2)
FN:86,(anonymous_3)
FN:121,(anonymous_4)
FN:159,(anonymous_5)
FNF:6
FNH:6
FNDA:1,(anonymous_0)
FNDA:1,(anonymous_1)
FNDA:1,(anonymous_2)
FNDA:1,(anonymous_3)
FNDA:1,(anonymous_4)
FNDA:1,(anonymous_5)
DA:5,2
DA:7,2
DA:9,1
DA:15,2
DA:17,1
DA:19,1
DA:20,1
DA:22,1
DA:43,0
DA:48,2
DA:50,1
DA:51,1
DA:54,1
DA:55,0
DA:57,1
DA:59,1
DA:81,0
DA:82,0
DA:86,2
DA:88,1
DA:90,1
DA:92,1
DA:94,1
DA:116,0
DA:121,2
DA:122,1
DA:124,1
DA:130,1
DA:132,1
DA:155,0
DA:159,2
DA:160,1
DA:161,1
DA:166,0
DA:167,0
LF:35
LH:27
BRDA:7,0,0,0
BRDA:7,1,0,0
BRDA:15,2,0,0
BRDA:15,3,0,0
BRDA:48,4,0,0
BRDA:48,5,0,0
BRDA:54,6,0,0
BRDA:54,6,1,1
BRDA:54,7,0,1
BRDA:54,7,1,1
BRDA:86,8,0,0
BRDA:86,9,0,0
BRDA:121,10,0,0
BRDA:121,11,0,0
BRDA:159,12,0,0
BRDA:159,13,0,0
BRF:16
BRH:3
end_of_record
TN:
SF:src\db\dbConnection.ts
FN:12,(anonymous_0)
FN:24,(anonymous_1)
FNF:2
FNH:2
FNDA:2,(anonymous_0)
FNDA:8,(anonymous_1)
DA:3,2
DA:15,2
DA:26,8
DA:27,2
DA:29,6
LF:5
LH:5
BRDA:26,0,0,2
BRDA:26,0,1,6
BRF:2
BRH:2
end_of_record
TN:
SF:src\db\schemas\user.schema.ts
FNF:0
FNH:0
DA:3,2
DA:42,2
LF:2
LH:2
BRF:0
BRH:0
end_of_record
TN:
SF:src\middlewares\validateRegister.ts
FN:7,(anonymous_0)
FN:7,(anonymous_1)
FNF:2
FNH:2
FNDA:2,(anonymous_0)
FNDA:1,(anonymous_1)
DA:7,2
DA:9,1
DA:11,1
DA:12,1
DA:13,1
DA:15,0
LF:6
LH:5
BRDA:7,0,0,0
BRDA:7,1,0,0
BRF:2
BRH:0
end_of_record
TN:
SF:src\models\server.ts
FN:22,(anonymous_0)
FN:41,(anonymous_1)
FN:45,(anonymous_2)
FN:60,(anonymous_3)
FN:69,(anonymous_4)
FN:75,(anonymous_5)
FN:76,(anonymous_6)
FNF:7
FNH:5
FNDA:8,(anonymous_0)
FNDA:8,(anonymous_1)
FNDA:8,(anonymous_2)
FNDA:8,(anonymous_3)
FNDA:8,(anonymous_4)
FNDA:0,(anonymous_5)
FNDA:0,(anonymous_6)
DA:23,8
DA:24,8
DA:26,8
DA:32,8
DA:35,8
DA:38,8
DA:42,8
DA:48,8
DA:50,8
DA:52,0
DA:61,8
DA:62,8
DA:63,8
DA:64,8
DA:65,8
DA:66,8
DA:71,8
DA:72,8
DA:76,0
DA:77,0
LF:20
LH:17
BRDA:24,0,0,8
BRDA:24,0,1,0
BRF:2
BRH:1
end_of_record
TN:
SF:src\models\UsersManagers\User.ts
FN:22,(anonymous_0)
FN:54,(anonymous_1)
FNF:2
FNH:1
FNDA:3,(anonymous_0)
FNDA:0,(anonymous_1)
DA:38,3
DA:39,3
DA:40,3
DA:41,3
DA:42,3
DA:43,3
DA:44,3
DA:45,3
DA:46,3
DA:47,3
DA:48,3
DA:49,3
DA:50,3
DA:51,3
DA:55,0
LF:15
LH:14
BRF:0
BRH:0
end_of_record
TN:
SF:src\models\UsersManagers\UserBuilder.ts
FN:21,(anonymous_0)
FN:38,(anonymous_1)
FN:56,(anonymous_2)
FN:61,(anonymous_3)
FN:66,(anonymous_4)
FN:71,(anonymous_5)
FN:76,(anonymous_6)
FN:81,(anonymous_7)
FN:86,(anonymous_8)
FN:91,(anonymous_9)
FN:96,(anonymous_10)
FN:101,(anonymous_11)
FN:106,(anonymous_12)
FN:111,(anonymous_13)
FN:116,(anonymous_14)
FN:121,(anonymous_15)
FN:126,(anonymous_16)
FN:133,(anonymous_17)
FN:138,(anonymous_18)
FN:143,(anonymous_19)
FNF:20
FNH:18
FNDA:2,(anonymous_0)
FNDA:3,(anonymous_1)
FNDA:2,(anonymous_2)
FNDA:3,(anonymous_3)
FNDA:3,(anonymous_4)
FNDA:3,(anonymous_5)
FNDA:3,(anonymous_6)
FNDA:3,(anonymous_7)
FNDA:3,(anonymous_8)
FNDA:3,(anonymous_9)
FNDA:3,(anonymous_10)
FNDA:3,(anonymous_11)
FNDA:3,(anonymous_12)
FNDA:3,(anonymous_13)
FNDA:3,(anonymous_14)
FNDA:2,(anonymous_15)
FNDA:2,(anonymous_16)
FNDA:0,(anonymous_17)
FNDA:0,(anonymous_18)
FNDA:3,(anonymous_19)
DA:22,2
DA:34,2
DA:39,3
DA:51,3
DA:57,2
DA:58,2
DA:62,3
DA:63,3
DA:67,3
DA:68,3
DA:72,3
DA:73,3
DA:77,3
DA:78,3
DA:82,3
DA:83,3
DA:87,3
DA:88,3
DA:92,3
DA:93,3
DA:97,3
DA:98,3
DA:102,3
DA:103,3
DA:107,3
DA:108,3
DA:112,3
DA:113,3
DA:117,3
DA:118,3
DA:122,2
DA:123,2
DA:127,2
DA:128,2
DA:134,0
DA:135,0
DA:139,0
DA:140,0
DA:144,3
DA:161,3
DA:163,3
LF:41
LH:37
BRF:0
BRH:0
end_of_record
TN:
SF:src\models\UsersManagers\UserDirector.ts
FN:8,(anonymous_0)
FN:12,(anonymous_1)
FN:16,(anonymous_2)
FN:37,(anonymous_3)
FN:66,(anonymous_4)
FNF:5
FNH:4
FNDA:2,(anonymous_0)
FNDA:0,(anonymous_1)
FNDA:1,(anonymous_2)
FNDA:1,(anonymous_3)
FNDA:1,(anonymous_4)
DA:9,2
DA:13,0
DA:23,1
DA:48,1
DA:77,1
LF:5
LH:4
BRF:0
BRH:0
end_of_record
TN:
SF:src\routes\book.routes.ts
FNF:0
FNH:0
DA:4,2
DA:6,2
DA:8,2
LF:3
LH:3
BRF:0
BRH:0
end_of_record
TN:
SF:src\routes\user.routes.ts
FNF:0
FNH:0
DA:7,2
DA:11,2
DA:13,2
DA:15,2
DA:17,2
DA:19,2
DA:21,2
LF:7
LH:7
BRF:0
BRH:0
end_of_record
TN:
SF:src\services\userServices\user.services.ts
FN:33,(anonymous_0)
FN:42,(anonymous_1)
FN:47,(anonymous_2)
FN:73,(anonymous_3)
FN:122,(anonymous_4)
FN:191,(anonymous_5)
FNF:6
FNH:5
FNDA:2,(anonymous_0)
FNDA:0,(anonymous_1)
FNDA:1,(anonymous_2)
FNDA:1,(anonymous_3)
FNDA:1,(anonymous_4)
FNDA:1,(anonymous_5)
DA:34,2
DA:35,2
DA:36,2
DA:37,2
DA:39,2
DA:43,0
DA:44,0
DA:48,1
DA:50,1
DA:52,1
DA:53,0
DA:55,1
DA:57,1
DA:58,1
DA:60,1
DA:63,1
DA:69,0
DA:74,1
DA:76,1
DA:77,0
DA:80,1
DA:82,1
DA:83,0
DA:86,1
DA:87,1
DA:88,0
DA:91,1
DA:92,1
DA:93,0
DA:96,1
DA:115,0
DA:124,1
DA:125,1
DA:127,1
DA:128,0
DA:131,1
DA:133,1
DA:134,0
DA:136,1
DA:137,0
DA:139,1
DA:140,0
DA:143,1
DA:155,1
DA:157,1
DA:161,1
DA:162,0
DA:165,1
DA:183,0
DA:193,1
DA:194,1
DA:195,1
DA:196,0
DA:199,1
DA:200,1
DA:201,0
DA:203,1
DA:204,0
DA:208,1
DA:219,1
DA:221,1
DA:225,1
DA:226,0
DA:229,1
DA:247,0
LF:65
LH:45
BRDA:52,0,0,0
BRDA:52,0,1,1
BRDA:76,1,0,0
BRDA:76,1,1,1
BRDA:76,2,0,1
BRDA:76,2,1,1
BRDA:82,3,0,0
BRDA:82,3,1,1
BRDA:87,4,0,0
BRDA:87,4,1,1
BRDA:92,5,0,0
BRDA:92,5,1,1
BRDA:127,6,0,0
BRDA:127,6,1,1
BRDA:133,7,0,0
BRDA:133,7,1,1
BRDA:136,8,0,0
BRDA:136,8,1,1
BRDA:139,9,0,0
BRDA:139,9,1,1
BRDA:161,10,0,0
BRDA:161,10,1,1
BRDA:195,11,0,0
BRDA:195,11,1,1
BRDA:200,12,0,0
BRDA:200,12,1,1
BRDA:203,13,0,0
BRDA:203,13,1,1
BRDA:225,14,0,0
BRDA:225,14,1,1
BRF:30
BRH:16
end_of_record
TN:
SF:src\utils\bcryptConfig.ts
FN:4,(anonymous_0)
FN:9,(anonymous_1)
FNF:2
FNH:2
FNDA:1,(anonymous_0)
FNDA:1,(anonymous_1)
DA:4,2
DA:6,1
DA:9,2
DA:10,1
LF:4
LH:4
BRF:0
BRH:0
end_of_record
TN:
SF:src\validations\createUserValidation.ts
FNF:0
FNH:0
DA:95,2
LF:1
LH:1
BRF:0
BRH:0
end_of_record
